time="2021-05-18T10:39:20+08:00" level=info msg="log level = debug"
time="2021-05-18T10:39:21+08:00" level=info msg="log level = debug"
time="2021-05-18T10:39:21+08:00" level=debug msg="setup database type"
time="2021-05-18T10:39:21+08:00" level=debug msg="set database type = mysql"
time="2021-05-18T10:39:21+08:00" level=debug msg="connection string = root:1qazxsw@@tcp(127.0.0.1:3306)/test?charset=utf8&parseTime=true"
time="2021-05-18T10:39:21+08:00" level=debug msg="setup database config"
time="2021-05-18T10:39:21+08:00" level=debug msg="set max idle connections5"
time="2021-05-18T10:39:21+08:00" level=debug msg="set max open connections1000"
time="2021-05-18T10:39:21+08:00" level=debug msg="set connection max life time1000"
time="2021-05-18T10:39:21+08:00" level=debug msg="setup database logger"
time="2021-05-18T10:39:21+08:00" level=debug msg="setup log mode =true"
time="2021-05-18T10:39:21+08:00" level=info msg="10.5.10-MariaDB-1:10.5.10+maria~focal"
time="2021-05-18T10:39:21+08:00" level=error msg=0x100b060
time="2021-05-18T10:39:40+08:00" level=info msg="log level = debug"
time="2021-05-18T10:39:40+08:00" level=info msg="log level = debug"
time="2021-05-18T10:39:40+08:00" level=debug msg="setup database type"
time="2021-05-18T10:39:40+08:00" level=debug msg="set database type = mysql"
time="2021-05-18T10:39:40+08:00" level=debug msg="connection string = root:1qazxsw@@tcp(127.0.0.1:3306)/test?charset=utf8&parseTime=true"
time="2021-05-18T10:39:40+08:00" level=error msg="connect to database errorError 1049: Unknown database 'test'"
time="2021-05-18T10:39:40+08:00" level=debug msg="setup database config"
time="2021-05-18T10:39:40+08:00" level=debug msg="set max idle connections5"
time="2021-05-18T10:39:40+08:00" level=debug msg="set max open connections1000"
time="2021-05-18T10:39:40+08:00" level=debug msg="set connection max life time1000"
time="2021-05-18T10:39:40+08:00" level=debug msg="setup database logger"
time="2021-05-18T10:39:40+08:00" level=debug msg="setup log mode =true"
time="2021-05-18T10:40:01+08:00" level=info msg="log level = debug"
time="2021-05-18T10:40:01+08:00" level=info msg="log level = debug"
time="2021-05-18T10:40:01+08:00" level=debug msg="setup database type"
time="2021-05-18T10:40:01+08:00" level=debug msg="set database type = mysql"
time="2021-05-18T10:40:01+08:00" level=debug msg="connection string = root:1qazxsw@@tcp(127.0.0.1:3306)/test?charset=utf8&parseTime=true"
time="2021-05-18T10:40:01+08:00" level=debug msg="setup database config"
time="2021-05-18T10:40:01+08:00" level=debug msg="set max idle connections5"
time="2021-05-18T10:40:01+08:00" level=debug msg="set max open connections1000"
time="2021-05-18T10:40:01+08:00" level=debug msg="set connection max life time1000"
time="2021-05-18T10:40:01+08:00" level=debug msg="setup database logger"
time="2021-05-18T10:40:01+08:00" level=debug msg="setup log mode =true"
time="2021-05-18T10:40:01+08:00" level=info msg="10.5.10-MariaDB-1:10.5.10+maria~focal"
time="2021-05-18T10:40:23+08:00" level=info msg="log level = debug"
time="2021-05-18T10:40:23+08:00" level=info msg="log level = debug"
time="2021-05-18T10:40:23+08:00" level=debug msg="setup database type"
time="2021-05-18T10:40:23+08:00" level=debug msg="set database type = mysql"
time="2021-05-18T10:40:23+08:00" level=debug msg="connection string = root:1qazxsw@@tcp(127.0.0.1:3306)/test?charset=utf8&parseTime=true"
time="2021-05-18T10:40:23+08:00" level=debug msg="setup database config"
time="2021-05-18T10:40:23+08:00" level=debug msg="set max idle connections5"
time="2021-05-18T10:40:23+08:00" level=debug msg="set max open connections1000"
time="2021-05-18T10:40:23+08:00" level=debug msg="set connection max life time1000"
time="2021-05-18T10:40:23+08:00" level=debug msg="setup database logger"
time="2021-05-18T10:40:23+08:00" level=debug msg="setup log mode =true"
time="2021-05-18T10:40:23+08:00" level=info msg="10.5.10-MariaDB-1:10.5.10+maria~focal"
time="2021-05-18T10:42:08+08:00" level=info msg="log level = debug"
time="2021-05-18T10:42:08+08:00" level=info msg="log level = debug"
time="2021-05-18T10:42:25+08:00" level=info msg="log level = debug"
time="2021-05-18T10:42:26+08:00" level=info msg="log level = debug"
time="2021-05-18T10:42:43+08:00" level=info msg="log level = debug"
time="2021-05-18T10:42:43+08:00" level=info msg="log level = debug"
time="2021-05-18T10:42:51+08:00" level=info msg="log level = debug"
time="2021-05-18T10:42:51+08:00" level=info msg="log level = debug"
time="2021-05-18T10:42:51+08:00" level=debug msg="setup database type"
time="2021-05-18T10:42:51+08:00" level=debug msg="set database type = mysql"
time="2021-05-18T10:42:51+08:00" level=debug msg="connection string = root:a12345@tcp(127.0.0.1:3306)/test?charset=utf8&parseTime=true"
time="2021-05-18T10:42:51+08:00" level=error msg="connect to database errorError 1045: Access denied for user 'root'@'172.18.0.1' (using password: YES)"
time="2021-05-18T10:42:51+08:00" level=debug msg="setup database config"
time="2021-05-18T10:42:51+08:00" level=debug msg="set max idle connections1000"
time="2021-05-18T10:42:51+08:00" level=debug msg="set max open connections1000"
time="2021-05-18T10:42:51+08:00" level=debug msg="set connection max life time5"
time="2021-05-18T10:42:51+08:00" level=debug msg="setup database logger"
time="2021-05-18T10:42:51+08:00" level=debug msg="setup log mode =false"
time="2021-05-18T10:43:08+08:00" level=info msg="log level = debug"
time="2021-05-18T10:43:08+08:00" level=info msg="log level = debug"
time="2021-05-18T10:43:08+08:00" level=debug msg="setup database type"
time="2021-05-18T10:43:08+08:00" level=debug msg="set database type = mysql"
time="2021-05-18T10:43:08+08:00" level=debug msg="connection string = root:1qazxsw@@tcp(127.0.0.1:3306)/test?charset=utf8&parseTime=true"
time="2021-05-18T10:43:08+08:00" level=debug msg="setup database config"
time="2021-05-18T10:43:08+08:00" level=debug msg="set max idle connections1000"
time="2021-05-18T10:43:08+08:00" level=debug msg="set max open connections1000"
time="2021-05-18T10:43:08+08:00" level=debug msg="set connection max life time5"
time="2021-05-18T10:43:08+08:00" level=debug msg="setup database logger"
time="2021-05-18T10:43:08+08:00" level=debug msg="setup log mode =false"
time="2021-05-18T10:43:08+08:00" level=error msg=0xbc9ec0
time="2021-05-18T10:43:19+08:00" level=info msg="log level = debug"
time="2021-05-18T10:43:19+08:00" level=info msg="log level = debug"
time="2021-05-18T10:43:19+08:00" level=debug msg="setup database type"
time="2021-05-18T10:43:19+08:00" level=debug msg="set database type = mysql"
time="2021-05-18T10:43:19+08:00" level=debug msg="connection string = root:1qazxsw@@tcp(127.0.0.1:3306)/test?charset=utf8&parseTime=true"
time="2021-05-18T10:43:19+08:00" level=debug msg="setup database config"
time="2021-05-18T10:43:19+08:00" level=debug msg="set max idle connections1000"
time="2021-05-18T10:43:19+08:00" level=debug msg="set max open connections1000"
time="2021-05-18T10:43:19+08:00" level=debug msg="set connection max life time5"
time="2021-05-18T10:43:19+08:00" level=debug msg="setup database logger"
time="2021-05-18T10:43:19+08:00" level=debug msg="setup log mode =false"
time="2021-05-18T10:43:38+08:00" level=info msg="log level = debug"
time="2021-05-18T10:43:38+08:00" level=info msg="log level = debug"
time="2021-05-18T10:43:38+08:00" level=debug msg="setup database type"
time="2021-05-18T10:43:38+08:00" level=debug msg="set database type = mysql"
time="2021-05-18T10:43:38+08:00" level=debug msg="connection string = root:1qazxsw@@tcp(127.0.0.1:3306)/test?charset=utf8&parseTime=true"
time="2021-05-18T10:43:38+08:00" level=debug msg="setup database config"
time="2021-05-18T10:43:38+08:00" level=debug msg="set max idle connections1000"
time="2021-05-18T10:43:38+08:00" level=debug msg="set max open connections1000"
time="2021-05-18T10:43:38+08:00" level=debug msg="set connection max life time5"
time="2021-05-18T10:43:38+08:00" level=debug msg="setup database logger"
time="2021-05-18T10:43:38+08:00" level=debug msg="setup log mode =false"
time="2021-05-18T10:44:11+08:00" level=info msg="log level = debug"
time="2021-05-18T10:44:11+08:00" level=info msg="log level = debug"
time="2021-05-18T10:44:11+08:00" level=debug msg="setup database type"
time="2021-05-18T10:44:11+08:00" level=debug msg="set database type = mysql"
time="2021-05-18T10:44:11+08:00" level=debug msg="connection string = root:1qazxsw@@tcp(127.0.0.1:3306)/test?charset=utf8&parseTime=true"
time="2021-05-18T10:44:11+08:00" level=debug msg="setup database config"
time="2021-05-18T10:44:11+08:00" level=debug msg="set max idle connections1000"
time="2021-05-18T10:44:11+08:00" level=debug msg="set max open connections1000"
time="2021-05-18T10:44:11+08:00" level=debug msg="set connection max life time5"
time="2021-05-18T10:44:11+08:00" level=debug msg="setup database logger"
time="2021-05-18T10:44:11+08:00" level=debug msg="setup log mode =true"
time="2021-05-18T10:44:11+08:00" level=error msg=0xb89ee0
time="2021-05-18T10:44:28+08:00" level=info msg="log level = debug"
time="2021-05-18T10:44:28+08:00" level=info msg="log level = debug"
time="2021-05-18T10:44:28+08:00" level=debug msg="setup database type"
time="2021-05-18T10:44:28+08:00" level=debug msg="set database type = mysql"
time="2021-05-18T10:44:28+08:00" level=debug msg="connection string = root:1qazxsw@@tcp(127.0.0.1:3306)/test?charset=utf8&parseTime=true"
time="2021-05-18T10:44:28+08:00" level=debug msg="setup database config"
time="2021-05-18T10:44:28+08:00" level=debug msg="set max idle connections1000"
time="2021-05-18T10:44:28+08:00" level=debug msg="set max open connections1000"
time="2021-05-18T10:44:28+08:00" level=debug msg="set connection max life time5"
time="2021-05-18T10:44:28+08:00" level=debug msg="setup database logger"
time="2021-05-18T10:44:28+08:00" level=debug msg="setup log mode =true"
time="2021-05-18T10:44:28+08:00" level=error msg=0xf09ee0
time="2021-05-18T10:44:39+08:00" level=info msg="log level = debug"
time="2021-05-18T10:44:39+08:00" level=info msg="log level = debug"
time="2021-05-18T10:44:39+08:00" level=debug msg="setup database type"
time="2021-05-18T10:44:39+08:00" level=debug msg="set database type = mysql"
time="2021-05-18T10:44:39+08:00" level=debug msg="connection string = root:1qazxsw@@tcp(127.0.0.1:3306)/test?charset=utf8&parseTime=true"
time="2021-05-18T10:44:39+08:00" level=debug msg="setup database config"
time="2021-05-18T10:44:39+08:00" level=debug msg="set max idle connections1000"
time="2021-05-18T10:44:39+08:00" level=debug msg="set max open connections1000"
time="2021-05-18T10:44:39+08:00" level=debug msg="set connection max life time5"
time="2021-05-18T10:44:39+08:00" level=debug msg="setup database logger"
time="2021-05-18T10:44:39+08:00" level=debug msg="setup log mode =true"
time="2021-05-18T10:44:39+08:00" level=error msg=0x879ee0
time="2021-05-18T10:45:50+08:00" level=info msg="log level = debug"
time="2021-05-18T10:45:50+08:00" level=info msg="log level = debug"
time="2021-05-18T10:45:50+08:00" level=debug msg="setup database type"
time="2021-05-18T10:45:50+08:00" level=debug msg="set database type = mysql"
time="2021-05-18T10:45:50+08:00" level=debug msg="connection string = root:1qazxsw@@tcp(127.0.0.1:3306)/test?charset=utf8&parseTime=true"
time="2021-05-18T10:45:50+08:00" level=debug msg="setup database config"
time="2021-05-18T10:45:50+08:00" level=debug msg="set max idle connections1000"
time="2021-05-18T10:45:50+08:00" level=debug msg="set max open connections1000"
time="2021-05-18T10:45:50+08:00" level=debug msg="set connection max life time5"
time="2021-05-18T10:45:50+08:00" level=debug msg="setup database logger"
time="2021-05-18T10:45:50+08:00" level=debug msg="setup log mode =true"
time="2021-05-18T10:45:51+08:00" level=error msg=0xa49f40
time="2021-05-18T10:47:44+08:00" level=info msg="log level = debug"
time="2021-05-18T10:47:44+08:00" level=info msg="log level = debug"
time="2021-05-18T10:47:44+08:00" level=debug msg="setup database type"
time="2021-05-18T10:47:44+08:00" level=debug msg="set database type = mysql"
time="2021-05-18T10:47:44+08:00" level=debug msg="connection string = root:1qazxsw@@tcp(127.0.0.1:3306)/test?charset=utf8&parseTime=true"
time="2021-05-18T10:47:44+08:00" level=debug msg="setup database config"
time="2021-05-18T10:47:44+08:00" level=debug msg="set max idle connections1000"
time="2021-05-18T10:47:44+08:00" level=debug msg="set max open connections1000"
time="2021-05-18T10:47:44+08:00" level=debug msg="set connection max life time5"
time="2021-05-18T10:47:44+08:00" level=debug msg="setup database logger"
time="2021-05-18T10:47:44+08:00" level=debug msg="enable debug mode =false"
time="2021-05-18T10:47:44+08:00" level=error msg=0x9f9f20
time="2021-05-18T10:48:49+08:00" level=info msg="log level = debug"
time="2021-05-18T10:48:49+08:00" level=info msg="log level = debug"
time="2021-05-18T10:49:06+08:00" level=info msg="log level = debug"
time="2021-05-18T10:49:06+08:00" level=info msg="log level = debug"
time="2021-05-18T10:49:06+08:00" level=debug msg="setup database type"
time="2021-05-18T10:49:06+08:00" level=debug msg="set database type = mysql"
time="2021-05-18T10:49:06+08:00" level=debug msg="connection string = root:1qazxsw@@tcp(127.0.0.1:3306)/test?charset=utf8&parseTime=true"
time="2021-05-18T10:49:06+08:00" level=debug msg="setup database config"
time="2021-05-18T10:49:06+08:00" level=debug msg="set max idle connections1000"
time="2021-05-18T10:49:06+08:00" level=debug msg="set max open connections1000"
time="2021-05-18T10:49:06+08:00" level=debug msg="set connection max life time5"
time="2021-05-18T10:49:06+08:00" level=debug msg="setup database logger"
time="2021-05-18T10:49:06+08:00" level=debug msg="enable debug mode =debug"
time="2021-05-18T10:49:06+08:00" level=error msg=0x10b9f20
time="2021-05-18T10:53:47+08:00" level=info msg="log level = debug"
time="2021-05-18T10:53:47+08:00" level=info msg="log level = debug"
time="2021-05-18T10:53:47+08:00" level=debug msg="setup database type"
time="2021-05-18T10:53:47+08:00" level=debug msg="set database type = mysql"
time="2021-05-18T10:53:47+08:00" level=debug msg="connection string = root:1qazxsw@@tcp(127.0.0.1:3306)/test?charset=utf8&parseTime=true"
time="2021-05-18T10:53:47+08:00" level=debug msg="setup database config"
time="2021-05-18T10:53:47+08:00" level=debug msg="set max idle connections1000"
time="2021-05-18T10:53:47+08:00" level=debug msg="set max open connections1000"
time="2021-05-18T10:53:47+08:00" level=debug msg="set connection max life time5"
time="2021-05-18T10:53:47+08:00" level=debug msg="setup database logger"
time="2021-05-18T10:53:47+08:00" level=debug msg="enable debug mode =debug"
time="2021-05-18T10:53:47+08:00" level=error msg=0x139a100
time="2021-05-18T10:54:14+08:00" level=info msg="log level = debug"
time="2021-05-18T10:54:14+08:00" level=info msg="log level = debug"
time="2021-05-18T10:54:14+08:00" level=debug msg="setup database type"
time="2021-05-18T10:54:14+08:00" level=debug msg="set database type = mysql"
time="2021-05-18T10:54:14+08:00" level=debug msg="connection string = root:1qazxsw@@tcp(127.0.0.1:3306)/test?charset=utf8&parseTime=true"
time="2021-05-18T10:54:14+08:00" level=debug msg="setup database config"
time="2021-05-18T10:54:14+08:00" level=debug msg="set max idle connections1000"
time="2021-05-18T10:54:14+08:00" level=debug msg="set max open connections1000"
time="2021-05-18T10:54:14+08:00" level=debug msg="set connection max life time5"
time="2021-05-18T10:54:14+08:00" level=debug msg="setup database logger"
time="2021-05-18T10:54:14+08:00" level=debug msg="enable debug mode =debug"
time="2021-05-18T10:54:14+08:00" level=error msg=0xc0a100
